This file contains any messages produced by compilers while
running configure, to aid debugging if configure makes a mistake.

It was created by tsim configure 0.84, which was
generated by GNU Autoconf 2.61.  Invocation command line was

  $ ./configure 

## --------- ##
## Platform. ##
## --------- ##

hostname = LAPTOP-BBIP33HN
uname -m = x86_64
uname -r = 5.15.90.1-microsoft-standard-WSL2
uname -s = Linux
uname -v = #1 SMP Fri Jan 27 02:56:13 UTC 2023

/usr/bin/uname -p = x86_64
/bin/uname -X     = unknown

/bin/arch              = x86_64
/usr/bin/arch -k       = unknown
/usr/convex/getsysinfo = unknown
/usr/bin/hostinfo      = unknown
/bin/machine           = unknown
/usr/bin/oslevel       = unknown
/bin/universe          = unknown

PATH: /usr/local/sbin
PATH: /usr/local/bin
PATH: /usr/sbin
PATH: /usr/bin
PATH: /sbin
PATH: /bin
PATH: /usr/games
PATH: /usr/local/games
PATH: /usr/lib/wsl/lib
PATH: /mnt/c/Program Files/Microsoft/jdk-17.0.8.7-hotspot/bin
PATH: /mnt/c/WINDOWS/system32
PATH: /mnt/c/WINDOWS
PATH: /mnt/c/WINDOWS/System32/Wbem
PATH: /mnt/c/WINDOWS/System32/WindowsPowerShell/v1.0/
PATH: /mnt/c/WINDOWS/System32/OpenSSH/
PATH: /mnt/c/Users/judom/AppData/Local/Programs/Python/Python39
PATH: /mnt/c/Program Files/dotnet/
PATH: /mnt/c/Program Files (x86)/dotnet/
PATH: /mnt/c/Program Files (x86)/CODESYS/APInstaller/
PATH: /mnt/c/Program Files/Git/cmd
PATH: /mnt/c/Program Files/MATLAB/R2022b/bin
PATH: /mnt/c/Program Files/Erlang OTP/bin
PATH: /mnt/c/Program Files (x86)/Geany/bin
PATH: /mnt/c/Users/judom/AppData/Local/Microsoft/WindowsApps
PATH: /mnt/c/Users/judom/AppData/Local/Programs/Microsoft VS Code/bin
PATH: /snap/bin


## ----------- ##
## Core tests. ##
## ----------- ##

configure:1785: checking for a BSD-compatible install
configure:1841: result: /usr/bin/install -c
configure:1852: checking whether build environment is sane
configure:1895: result: yes
configure:1923: checking for a thread-safe mkdir -p
configure:1962: result: /usr/bin/mkdir -p
configure:1975: checking for gawk
configure:1991: found /usr/bin/gawk
configure:2002: result: gawk
configure:2013: checking whether make sets $(MAKE)
configure:2034: result: yes
configure:2275: checking for gcc
configure:2291: found /usr/bin/gcc
configure:2302: result: gcc
configure:2540: checking for C compiler version
configure:2547: gcc --version >&5
gcc (Ubuntu 11.4.0-1ubuntu1~22.04) 11.4.0
Copyright (C) 2021 Free Software Foundation, Inc.
This is free software; see the source for copying conditions.  There is NO
warranty; not even for MERCHANTABILITY or FITNESS FOR A PARTICULAR PURPOSE.

configure:2550: $? = 0
configure:2557: gcc -v >&5
Using built-in specs.
COLLECT_GCC=gcc
COLLECT_LTO_WRAPPER=/usr/lib/gcc/x86_64-linux-gnu/11/lto-wrapper
OFFLOAD_TARGET_NAMES=nvptx-none:amdgcn-amdhsa
OFFLOAD_TARGET_DEFAULT=1
Target: x86_64-linux-gnu
Configured with: ../src/configure -v --with-pkgversion='Ubuntu 11.4.0-1ubuntu1~22.04' --with-bugurl=file:///usr/share/doc/gcc-11/README.Bugs --enable-languages=c,ada,c++,go,brig,d,fortran,objc,obj-c++,m2 --prefix=/usr --with-gcc-major-version-only --program-suffix=-11 --program-prefix=x86_64-linux-gnu- --enable-shared --enable-linker-build-id --libexecdir=/usr/lib --without-included-gettext --enable-threads=posix --libdir=/usr/lib --enable-nls --enable-bootstrap --enable-clocale=gnu --enable-libstdcxx-debug --enable-libstdcxx-time=yes --with-default-libstdcxx-abi=new --enable-gnu-unique-object --disable-vtable-verify --enable-plugin --enable-default-pie --with-system-zlib --enable-libphobos-checking=release --with-target-system-zlib=auto --enable-objc-gc=auto --enable-multiarch --disable-werror --enable-cet --with-arch-32=i686 --with-abi=m64 --with-multilib-list=m32,m64,mx32 --enable-multilib --with-tune=generic --enable-offload-targets=nvptx-none=/build/gcc-11-XeT9lY/gcc-11-11.4.0/debian/tmp-nvptx/usr,amdgcn-amdhsa=/build/gcc-11-XeT9lY/gcc-11-11.4.0/debian/tmp-gcn/usr --without-cuda-driver --enable-checking=release --build=x86_64-linux-gnu --host=x86_64-linux-gnu --target=x86_64-linux-gnu --with-build-config=bootstrap-lto-lean --enable-link-serialization=2
Thread model: posix
Supported LTO compression algorithms: zlib zstd
gcc version 11.4.0 (Ubuntu 11.4.0-1ubuntu1~22.04) 
configure:2560: $? = 0
configure:2567: gcc -V >&5
gcc: error: unrecognized command-line option '-V'
gcc: fatal error: no input files
compilation terminated.
configure:2570: $? = 1
configure:2593: checking for C compiler default output file name
configure:2620: gcc    conftest.c  >&5
configure:2623: $? = 0
configure:2661: result: a.out
configure:2678: checking whether the C compiler works
configure:2688: ./a.out
configure:2691: $? = 0
configure:2708: result: yes
configure:2715: checking whether we are cross compiling
configure:2717: result: no
configure:2720: checking for suffix of executables
configure:2727: gcc -o conftest    conftest.c  >&5
configure:2730: $? = 0
configure:2754: result: 
configure:2760: checking for suffix of object files
configure:2786: gcc -c   conftest.c >&5
configure:2789: $? = 0
configure:2812: result: o
configure:2816: checking whether we are using the GNU C compiler
configure:2845: gcc -c   conftest.c >&5
configure:2851: $? = 0
configure:2868: result: yes
configure:2873: checking whether gcc accepts -g
configure:2903: gcc -c -g  conftest.c >&5
configure:2909: $? = 0
configure:3008: result: yes
configure:3025: checking for gcc option to accept ISO C89
configure:3099: gcc  -c -g -O2  conftest.c >&5
configure:3105: $? = 0
configure:3128: result: none needed
configure:3157: checking for style of include used by make
configure:3185: result: GNU
configure:3210: checking dependency style of gcc
configure:3301: result: gcc3
configure:3328: checking for XCopyArea in -lX11
configure:3363: gcc -o conftest -g -O2   conftest.c -lX11   >&5
configure:3369: $? = 0
configure:3387: result: yes
configure:3409: checking for XawDialogAddButton in -lXaw
configure:3444: gcc -o conftest -g -O2   conftest.c -lXaw  -lX11  >&5
configure:3450: $? = 0
configure:3468: result: yes
configure:3490: checking for XShapeQueryExtension in -lXext
configure:3525: gcc -o conftest -g -O2   conftest.c -lXext  -lXaw -lX11  >&5
configure:3531: $? = 0
configure:3549: result: yes
configure:3571: checking for XmuCreatePixmapFromBitmap in -lXmu
configure:3606: gcc -o conftest -g -O2   conftest.c -lXmu  -lXext -lXaw -lX11  >&5
configure:3612: $? = 0
configure:3630: result: yes
configure:3652: checking for XtCreateWindow in -lXt
configure:3687: gcc -o conftest -g -O2   conftest.c -lXt  -lXmu -lXext -lXaw -lX11  >&5
configure:3693: $? = 0
configure:3711: result: yes
configure:3743: checking how to run the C preprocessor
configure:3783: gcc -E  conftest.c
configure:3789: $? = 0
configure:3820: gcc -E  conftest.c
conftest.c:15:10: fatal error: ac_nonexistent.h: No such file or directory
   15 | #include <ac_nonexistent.h>
      |          ^~~~~~~~~~~~~~~~~~
compilation terminated.
configure:3826: $? = 1
configure: failed program was:
| /* confdefs.h.  */
| #define PACKAGE_NAME "tsim"
| #define PACKAGE_TARNAME "tsim"
| #define PACKAGE_VERSION "0.84"
| #define PACKAGE_STRING "tsim 0.84"
| #define PACKAGE_BUGREPORT "staffan.bjornesjo@gmail.com"
| #define PACKAGE "tsim"
| #define VERSION "0.84"
| #define HAVE_LIBX11 1
| #define HAVE_LIBXAW 1
| #define HAVE_LIBXEXT 1
| #define HAVE_LIBXMU 1
| #define HAVE_LIBXT 1
| /* end confdefs.h.  */
| #include <ac_nonexistent.h>
configure:3859: result: gcc -E
configure:3888: gcc -E  conftest.c
configure:3894: $? = 0
configure:3925: gcc -E  conftest.c
conftest.c:15:10: fatal error: ac_nonexistent.h: No such file or directory
   15 | #include <ac_nonexistent.h>
      |          ^~~~~~~~~~~~~~~~~~
compilation terminated.
configure:3931: $? = 1
configure: failed program was:
| /* confdefs.h.  */
| #define PACKAGE_NAME "tsim"
| #define PACKAGE_TARNAME "tsim"
| #define PACKAGE_VERSION "0.84"
| #define PACKAGE_STRING "tsim 0.84"
| #define PACKAGE_BUGREPORT "staffan.bjornesjo@gmail.com"
| #define PACKAGE "tsim"
| #define VERSION "0.84"
| #define HAVE_LIBX11 1
| #define HAVE_LIBXAW 1
| #define HAVE_LIBXEXT 1
| #define HAVE_LIBXMU 1
| #define HAVE_LIBXT 1
| /* end confdefs.h.  */
| #include <ac_nonexistent.h>
configure:3969: checking for X
configure:4084: gcc -E  conftest.c
configure:4090: $? = 0
configure:4139: gcc -o conftest -g -O2   conftest.c -lX11 -lXt -lXmu -lXext -lXaw -lX11  >&5
configure:4145: $? = 0
configure:4204: result: libraries , headers 
configure:4216: checking for dirent.h that defines DIR
configure:4245: gcc -c -g -O2  conftest.c >&5
configure:4251: $? = 0
configure:4267: result: yes
configure:4280: checking for library containing opendir
configure:4321: gcc -o conftest -g -O2   conftest.c -lXt -lXmu -lXext -lXaw -lX11  >&5
configure:4327: $? = 0
configure:4355: result: none required
configure:4449: checking for grep that handles long lines and -e
configure:4523: result: /usr/bin/grep
configure:4528: checking for egrep
configure:4606: result: /usr/bin/grep -E
configure:4611: checking for ANSI C header files
configure:4641: gcc -c -g -O2  conftest.c >&5
configure:4647: $? = 0
configure:4746: gcc -o conftest -g -O2   conftest.c -lXt -lXmu -lXext -lXaw -lX11  >&5
configure:4749: $? = 0
configure:4755: ./conftest
configure:4758: $? = 0
configure:4775: result: yes
configure:4785: checking for sys/wait.h that is POSIX.1 compatible
configure:4821: gcc -c -g -O2  conftest.c >&5
configure:4827: $? = 0
configure:4842: result: yes
configure:4866: checking for sys/types.h
configure:4887: gcc -c -g -O2  conftest.c >&5
configure:4893: $? = 0
configure:4909: result: yes
configure:4866: checking for sys/stat.h
configure:4887: gcc -c -g -O2  conftest.c >&5
configure:4893: $? = 0
configure:4909: result: yes
configure:4866: checking for stdlib.h
configure:4887: gcc -c -g -O2  conftest.c >&5
configure:4893: $? = 0
configure:4909: result: yes
configure:4866: checking for string.h
configure:4887: gcc -c -g -O2  conftest.c >&5
configure:4893: $? = 0
configure:4909: result: yes
configure:4866: checking for memory.h
configure:4887: gcc -c -g -O2  conftest.c >&5
configure:4893: $? = 0
configure:4909: result: yes
configure:4866: checking for strings.h
configure:4887: gcc -c -g -O2  conftest.c >&5
configure:4893: $? = 0
configure:4909: result: yes
configure:4866: checking for inttypes.h
configure:4887: gcc -c -g -O2  conftest.c >&5
configure:4893: $? = 0
configure:4909: result: yes
configure:4866: checking for stdint.h
configure:4887: gcc -c -g -O2  conftest.c >&5
configure:4893: $? = 0
configure:4909: result: yes
configure:4866: checking for unistd.h
configure:4887: gcc -c -g -O2  conftest.c >&5
configure:4893: $? = 0
configure:4909: result: yes
configure:4933: checking for stdlib.h
configure:4939: result: yes
configure:4933: checking for string.h
configure:4939: result: yes
configure:4933: checking for strings.h
configure:4939: result: yes
configure:4943: checking sys/ioctl.h usability
configure:4960: gcc -c -g -O2  conftest.c >&5
configure:4966: $? = 0
configure:4980: result: yes
configure:4984: checking sys/ioctl.h presence
configure:4999: gcc -E  conftest.c
configure:5005: $? = 0
configure:5019: result: yes
configure:5052: checking for sys/ioctl.h
configure:5060: result: yes
configure:4943: checking sys/param.h usability
configure:4960: gcc -c -g -O2  conftest.c >&5
configure:4966: $? = 0
configure:4980: result: yes
configure:4984: checking sys/param.h presence
configure:4999: gcc -E  conftest.c
configure:5005: $? = 0
configure:5019: result: yes
configure:5052: checking for sys/param.h
configure:5060: result: yes
configure:4933: checking for unistd.h
configure:4939: result: yes
configure:4943: checking X11/Xaw/Toggle.h usability
configure:4960: gcc -c -g -O2  conftest.c >&5
configure:4966: $? = 0
configure:4980: result: yes
configure:4984: checking X11/Xaw/Toggle.h presence
configure:4999: gcc -E  conftest.c
configure:5005: $? = 0
configure:5019: result: yes
configure:5052: checking for X11/Xaw/Toggle.h
configure:5060: result: yes
configure:5075: checking for an ANSI C-conforming const
configure:5150: gcc -c -g -O2  conftest.c >&5
configure:5156: $? = 0
configure:5171: result: yes
configure:5183: checking whether closedir returns void
configure:5217: gcc -o conftest -g -O2   conftest.c -lXt -lXmu -lXext -lXaw -lX11  >&5
configure:5220: $? = 0
configure:5226: ./conftest
configure:5229: $? = 0
configure:5245: result: no
configure:5255: checking for pid_t
configure:5285: gcc -c -g -O2  conftest.c >&5
configure:5291: $? = 0
configure:5306: result: yes
configure:5333: checking vfork.h usability
configure:5350: gcc -c -g -O2  conftest.c >&5
conftest.c:67:10: fatal error: vfork.h: No such file or directory
   67 | #include <vfork.h>
      |          ^~~~~~~~~
compilation terminated.
configure:5356: $? = 1
configure: failed program was:
| /* confdefs.h.  */
| #define PACKAGE_NAME "tsim"
| #define PACKAGE_TARNAME "tsim"
| #define PACKAGE_VERSION "0.84"
| #define PACKAGE_STRING "tsim 0.84"
| #define PACKAGE_BUGREPORT "staffan.bjornesjo@gmail.com"
| #define PACKAGE "tsim"
| #define VERSION "0.84"
| #define HAVE_LIBX11 1
| #define HAVE_LIBXAW 1
| #define HAVE_LIBXEXT 1
| #define HAVE_LIBXMU 1
| #define HAVE_LIBXT 1
| #define HAVE_DIRENT_H 1
| #define STDC_HEADERS 1
| #define HAVE_SYS_WAIT_H 1
| #define HAVE_SYS_TYPES_H 1
| #define HAVE_SYS_STAT_H 1
| #define HAVE_STDLIB_H 1
| #define HAVE_STRING_H 1
| #define HAVE_MEMORY_H 1
| #define HAVE_STRINGS_H 1
| #define HAVE_INTTYPES_H 1
| #define HAVE_STDINT_H 1
| #define HAVE_UNISTD_H 1
| #define HAVE_STDLIB_H 1
| #define HAVE_STRING_H 1
| #define HAVE_STRINGS_H 1
| #define HAVE_SYS_IOCTL_H 1
| #define HAVE_SYS_PARAM_H 1
| #define HAVE_UNISTD_H 1
| #define HAVE_X11_XAW_TOGGLE_H 1
| /* end confdefs.h.  */
| #include <stdio.h>
| #ifdef HAVE_SYS_TYPES_H
| # include <sys/types.h>
| #endif
| #ifdef HAVE_SYS_STAT_H
| # include <sys/stat.h>
| #endif
| #ifdef STDC_HEADERS
| # include <stdlib.h>
| # include <stddef.h>
| #else
| # ifdef HAVE_STDLIB_H
| #  include <stdlib.h>
| # endif
| #endif
| #ifdef HAVE_STRING_H
| # if !defined STDC_HEADERS && defined HAVE_MEMORY_H
| #  include <memory.h>
| # endif
| # include <string.h>
| #endif
| #ifdef HAVE_STRINGS_H
| # include <strings.h>
| #endif
| #ifdef HAVE_INTTYPES_H
| # include <inttypes.h>
| #endif
| #ifdef HAVE_STDINT_H
| # include <stdint.h>
| #endif
| #ifdef HAVE_UNISTD_H
| # include <unistd.h>
| #endif
| #include <vfork.h>
configure:5370: result: no
configure:5374: checking vfork.h presence
configure:5389: gcc -E  conftest.c
conftest.c:34:10: fatal error: vfork.h: No such file or directory
   34 | #include <vfork.h>
      |          ^~~~~~~~~
compilation terminated.
configure:5395: $? = 1
configure: failed program was:
| /* confdefs.h.  */
| #define PACKAGE_NAME "tsim"
| #define PACKAGE_TARNAME "tsim"
| #define PACKAGE_VERSION "0.84"
| #define PACKAGE_STRING "tsim 0.84"
| #define PACKAGE_BUGREPORT "staffan.bjornesjo@gmail.com"
| #define PACKAGE "tsim"
| #define VERSION "0.84"
| #define HAVE_LIBX11 1
| #define HAVE_LIBXAW 1
| #define HAVE_LIBXEXT 1
| #define HAVE_LIBXMU 1
| #define HAVE_LIBXT 1
| #define HAVE_DIRENT_H 1
| #define STDC_HEADERS 1
| #define HAVE_SYS_WAIT_H 1
| #define HAVE_SYS_TYPES_H 1
| #define HAVE_SYS_STAT_H 1
| #define HAVE_STDLIB_H 1
| #define HAVE_STRING_H 1
| #define HAVE_MEMORY_H 1
| #define HAVE_STRINGS_H 1
| #define HAVE_INTTYPES_H 1
| #define HAVE_STDINT_H 1
| #define HAVE_UNISTD_H 1
| #define HAVE_STDLIB_H 1
| #define HAVE_STRING_H 1
| #define HAVE_STRINGS_H 1
| #define HAVE_SYS_IOCTL_H 1
| #define HAVE_SYS_PARAM_H 1
| #define HAVE_UNISTD_H 1
| #define HAVE_X11_XAW_TOGGLE_H 1
| /* end confdefs.h.  */
| #include <vfork.h>
configure:5409: result: no
configure:5442: checking for vfork.h
configure:5450: result: no
configure:5468: checking for fork
configure:5524: gcc -o conftest -g -O2   conftest.c -lXt -lXmu -lXext -lXaw -lX11  >&5
conftest.c:57:6: warning: conflicting types for built-in function 'fork'; expected 'int(void)' [-Wbuiltin-declaration-mismatch]
   57 | char fork ();
      |      ^~~~
configure:5530: $? = 0
configure:5548: result: yes
configure:5468: checking for vfork
configure:5524: gcc -o conftest -g -O2   conftest.c -lXt -lXmu -lXext -lXaw -lX11  >&5
configure:5530: $? = 0
configure:5548: result: yes
configure:5559: checking for working fork
configure:5591: gcc -o conftest -g -O2   conftest.c -lXt -lXmu -lXext -lXaw -lX11  >&5
configure:5594: $? = 0
configure:5600: ./conftest
configure:5603: $? = 0
configure:5619: result: yes
configure:5640: checking for working vfork
configure:5778: result: yes
configure:5810: checking whether gcc needs -traditional
configure:5852: result: no
configure:5864: checking for stdlib.h
configure:5870: result: yes
configure:6004: checking for GNU libc compatible malloc
configure:6038: gcc -o conftest -g -O2   conftest.c -lXt -lXmu -lXext -lXaw -lX11  >&5
configure:6041: $? = 0
configure:6047: ./conftest
configure:6050: $? = 0
configure:6066: result: yes
configure:6094: checking whether lstat dereferences a symlink specified with a trailing slash
configure:6130: gcc -o conftest -g -O2   conftest.c -lXt -lXmu -lXext -lXaw -lX11  >&5
configure:6133: $? = 0
configure:6139: ./conftest
configure:6142: $? = 0
configure:6165: result: yes
configure:6184: checking whether stat accepts an empty string
configure:6214: gcc -o conftest -g -O2   conftest.c -lXt -lXmu -lXext -lXaw -lX11  >&5
configure:6217: $? = 0
configure:6223: ./conftest
configure:6226: $? = 0
configure:6242: result: no
configure:6258: checking for wait3 that fills in rusage
configure:6314: gcc -o conftest -g -O2   conftest.c -lXt -lXmu -lXext -lXaw -lX11  >&5
configure:6317: $? = 0
configure:6323: ./conftest
configure:6326: $? = 0
configure:6342: result: yes
configure:6358: checking for strcasecmp
configure:6414: gcc -o conftest -g -O2   conftest.c -lXt -lXmu -lXext -lXaw -lX11  >&5
conftest.c:65:6: warning: conflicting types for built-in function 'strcasecmp'; expected 'int(const char *, const char *)' [-Wbuiltin-declaration-mismatch]
   65 | char strcasecmp ();
      |      ^~~~~~~~~~
configure:6420: $? = 0
configure:6438: result: yes
configure:6358: checking for strdup
configure:6414: gcc -o conftest -g -O2   conftest.c -lXt -lXmu -lXext -lXaw -lX11  >&5
conftest.c:66:6: warning: conflicting types for built-in function 'strdup'; expected 'char *(const char *)' [-Wbuiltin-declaration-mismatch]
   66 | char strdup ();
      |      ^~~~~~
configure:6420: $? = 0
configure:6438: result: yes
configure:6358: checking for strstr
configure:6414: gcc -o conftest -g -O2   conftest.c -lXt -lXmu -lXext -lXaw -lX11  >&5
conftest.c:67:6: warning: conflicting types for built-in function 'strstr'; expected 'char *(const char *, const char *)' [-Wbuiltin-declaration-mismatch]
   67 | char strstr ();
      |      ^~~~~~
conftest.c:55:1: note: 'strstr' is declared in header '<string.h>'
   54 | # include <limits.h>
   55 | #else
configure:6420: $? = 0
configure:6438: result: yes
configure:6558: creating ./config.status

## ---------------------- ##
## Running config.status. ##
## ---------------------- ##

This file was extended by tsim config.status 0.84, which was
generated by GNU Autoconf 2.61.  Invocation command line was

  CONFIG_FILES    = 
  CONFIG_HEADERS  = 
  CONFIG_LINKS    = 
  CONFIG_COMMANDS = 
  $ ./config.status 

on LAPTOP-BBIP33HN

config.status:641: creating Makefile
config.status:641: creating bitmaps/Makefile
config.status:641: creating bitmaps/customBitmaps/Makefile
config.status:641: creating maps/Makefile
config.status:641: creating sounds/Makefile
config.status:641: creating src/Makefile
config.status:641: creating config.h
config.status:939: executing depfiles commands

## ---------------- ##
## Cache variables. ##
## ---------------- ##

ac_cv_c_compiler_gnu=yes
ac_cv_c_const=yes
ac_cv_env_CC_set=
ac_cv_env_CC_value=
ac_cv_env_CFLAGS_set=
ac_cv_env_CFLAGS_value=
ac_cv_env_CPPFLAGS_set=
ac_cv_env_CPPFLAGS_value=
ac_cv_env_CPP_set=
ac_cv_env_CPP_value=
ac_cv_env_LDFLAGS_set=
ac_cv_env_LDFLAGS_value=
ac_cv_env_LIBS_set=
ac_cv_env_LIBS_value=
ac_cv_env_XMKMF_set=
ac_cv_env_XMKMF_value=
ac_cv_env_build_alias_set=
ac_cv_env_build_alias_value=
ac_cv_env_host_alias_set=
ac_cv_env_host_alias_value=
ac_cv_env_target_alias_set=
ac_cv_env_target_alias_value=
ac_cv_func_closedir_void=no
ac_cv_func_fork=yes
ac_cv_func_fork_works=yes
ac_cv_func_lstat_dereferences_slashed_symlink=yes
ac_cv_func_malloc_0_nonnull=yes
ac_cv_func_stat_empty_string_bug=no
ac_cv_func_strcasecmp=yes
ac_cv_func_strdup=yes
ac_cv_func_strstr=yes
ac_cv_func_vfork=yes
ac_cv_func_vfork_works=yes
ac_cv_func_wait3_rusage=yes
ac_cv_have_x='have_x=yes	ac_x_includes='\'''\''	ac_x_libraries='\'''\'''
ac_cv_header_X11_Xaw_Toggle_h=yes
ac_cv_header_dirent_dirent_h=yes
ac_cv_header_inttypes_h=yes
ac_cv_header_memory_h=yes
ac_cv_header_stdc=yes
ac_cv_header_stdint_h=yes
ac_cv_header_stdlib_h=yes
ac_cv_header_string_h=yes
ac_cv_header_strings_h=yes
ac_cv_header_sys_ioctl_h=yes
ac_cv_header_sys_param_h=yes
ac_cv_header_sys_stat_h=yes
ac_cv_header_sys_types_h=yes
ac_cv_header_sys_wait_h=yes
ac_cv_header_unistd_h=yes
ac_cv_header_vfork_h=no
ac_cv_lib_X11_XCopyArea=yes
ac_cv_lib_Xaw_XawDialogAddButton=yes
ac_cv_lib_Xext_XShapeQueryExtension=yes
ac_cv_lib_Xmu_XmuCreatePixmapFromBitmap=yes
ac_cv_lib_Xt_XtCreateWindow=yes
ac_cv_objext=o
ac_cv_path_EGREP='/usr/bin/grep -E'
ac_cv_path_GREP=/usr/bin/grep
ac_cv_path_install='/usr/bin/install -c'
ac_cv_path_mkdir=/usr/bin/mkdir
ac_cv_prog_AWK=gawk
ac_cv_prog_CPP='gcc -E'
ac_cv_prog_ac_ct_CC=gcc
ac_cv_prog_cc_c89=
ac_cv_prog_cc_g=yes
ac_cv_prog_gcc_traditional=no
ac_cv_prog_make_make_set=yes
ac_cv_search_opendir='none required'
ac_cv_type_pid_t=yes
am_cv_CC_dependencies_compiler_type=gcc3

## ----------------- ##
## Output variables. ##
## ----------------- ##

ACLOCAL='${SHELL} /home/noahsu/tsim-0.84/missing --run aclocal-1.10'
AMDEPBACKSLASH='\'
AMDEP_FALSE='#'
AMDEP_TRUE=''
AMTAR='${SHELL} /home/noahsu/tsim-0.84/missing --run tar'
AUTOCONF='${SHELL} /home/noahsu/tsim-0.84/missing --run autoconf'
AUTOHEADER='${SHELL} /home/noahsu/tsim-0.84/missing --run autoheader'
AUTOMAKE='${SHELL} /home/noahsu/tsim-0.84/missing --run automake-1.10'
AWK='gawk'
CC='gcc'
CCDEPMODE='depmode=gcc3'
CFLAGS='-g -O2'
CPP='gcc -E'
CPPFLAGS=''
CYGPATH_W='echo'
DEFS='-DHAVE_CONFIG_H'
DEPDIR='.deps'
ECHO_C=''
ECHO_N='-n'
ECHO_T=''
EGREP='/usr/bin/grep -E'
EXEEXT=''
GREP='/usr/bin/grep'
INSTALL_DATA='${INSTALL} -m 644'
INSTALL_PROGRAM='${INSTALL}'
INSTALL_SCRIPT='${INSTALL}'
INSTALL_STRIP_PROGRAM='$(install_sh) -c -s'
LDFLAGS=''
LIBOBJS=''
LIBS='-lXt -lXmu -lXext -lXaw -lX11 '
LTLIBOBJS=''
MAKEINFO='${SHELL} /home/noahsu/tsim-0.84/missing --run makeinfo'
OBJEXT='o'
PACKAGE='tsim'
PACKAGE_BUGREPORT='staffan.bjornesjo@gmail.com'
PACKAGE_NAME='tsim'
PACKAGE_STRING='tsim 0.84'
PACKAGE_TARNAME='tsim'
PACKAGE_VERSION='0.84'
PATH_SEPARATOR=':'
SET_MAKE=''
SHELL='/bin/bash'
STRIP=''
VERSION='0.84'
XMKMF=''
ac_ct_CC='gcc'
am__fastdepCC_FALSE='#'
am__fastdepCC_TRUE=''
am__include='include'
am__isrc=''
am__leading_dot='.'
am__quote=''
am__tar='${AMTAR} chof - "$$tardir"'
am__untar='${AMTAR} xf -'
bindir='${exec_prefix}/bin'
build_alias=''
datadir='${datarootdir}'
datarootdir='${prefix}/share'
docdir='${datarootdir}/doc/${PACKAGE_TARNAME}'
dvidir='${docdir}'
exec_prefix='${prefix}'
host_alias=''
htmldir='${docdir}'
includedir='${prefix}/include'
infodir='${datarootdir}/info'
install_sh='$(SHELL) /home/noahsu/tsim-0.84/install-sh'
libdir='${exec_prefix}/lib'
libexecdir='${exec_prefix}/libexec'
localedir='${datarootdir}/locale'
localstatedir='${prefix}/var'
mandir='${datarootdir}/man'
mkdir_p='/usr/bin/mkdir -p'
oldincludedir='/usr/include'
pdfdir='${docdir}'
prefix='/usr/local'
program_transform_name='s,x,x,'
psdir='${docdir}'
sbindir='${exec_prefix}/sbin'
sharedstatedir='${prefix}/com'
sysconfdir='${prefix}/etc'
target_alias=''

## ----------- ##
## confdefs.h. ##
## ----------- ##

#define PACKAGE_NAME "tsim"
#define PACKAGE_TARNAME "tsim"
#define PACKAGE_VERSION "0.84"
#define PACKAGE_STRING "tsim 0.84"
#define PACKAGE_BUGREPORT "staffan.bjornesjo@gmail.com"
#define PACKAGE "tsim"
#define VERSION "0.84"
#define HAVE_LIBX11 1
#define HAVE_LIBXAW 1
#define HAVE_LIBXEXT 1
#define HAVE_LIBXMU 1
#define HAVE_LIBXT 1
#define HAVE_DIRENT_H 1
#define STDC_HEADERS 1
#define HAVE_SYS_WAIT_H 1
#define HAVE_SYS_TYPES_H 1
#define HAVE_SYS_STAT_H 1
#define HAVE_STDLIB_H 1
#define HAVE_STRING_H 1
#define HAVE_MEMORY_H 1
#define HAVE_STRINGS_H 1
#define HAVE_INTTYPES_H 1
#define HAVE_STDINT_H 1
#define HAVE_UNISTD_H 1
#define HAVE_STDLIB_H 1
#define HAVE_STRING_H 1
#define HAVE_STRINGS_H 1
#define HAVE_SYS_IOCTL_H 1
#define HAVE_SYS_PARAM_H 1
#define HAVE_UNISTD_H 1
#define HAVE_X11_XAW_TOGGLE_H 1
#define HAVE_FORK 1
#define HAVE_VFORK 1
#define HAVE_WORKING_VFORK 1
#define HAVE_WORKING_FORK 1
#define HAVE_STDLIB_H 1
#define HAVE_MALLOC 1
#define LSTAT_FOLLOWS_SLASHED_SYMLINK 1
#define HAVE_WAIT3 1
#define HAVE_STRCASECMP 1
#define HAVE_STRDUP 1
#define HAVE_STRSTR 1

configure: exit 0
